{
  "RSpec": {
    "coverage": {
      "/Users/andacabrera29/Desktop/TTT_TDD/lib/player.rb": [
        1,
        null,
        1,
        null,
        1,
        1,
        1,
        1,
        1,
        null,
        null,
        1,
        1,
        1,
        null,
        null,
        null
      ],
      "/Users/andacabrera29/Desktop/TTT_TDD/lib/board.rb": [
        1,
        null,
        1,
        1,
        null,
        1,
        237,
        23,
        null,
        null,
        1,
        19,
        null,
        null,
        1,
        10,
        null,
        null,
        1,
        17,
        null,
        null,
        1,
        41,
        null,
        null,
        1,
        151,
        null,
        null,
        1,
        3,
        null,
        null,
        1,
        null,
        1,
        154,
        null,
        null,
        1,
        138,
        null,
        null,
        1,
        33,
        97,
        null,
        null,
        1,
        33,
        132,
        33,
        null,
        null,
        1,
        33,
        132,
        33,
        null,
        null,
        1,
        143,
        143,
        null,
        null,
        null
      ],
      "/Users/andacabrera29/Desktop/TTT_TDD/lib/game.rb": [
        1,
        null,
        1,
        null,
        1,
        6,
        6,
        6,
        6,
        6,
        null,
        null,
        1,
        2,
        2,
        8,
        14,
        14,
        14,
        null,
        null,
        null,
        null,
        1,
        16,
        16,
        16,
        null,
        null,
        1,
        16,
        16,
        18,
        18,
        16,
        null,
        2,
        null,
        null,
        16,
        null,
        null,
        1,
        20,
        null,
        null,
        1,
        3,
        null,
        null,
        1,
        26,
        null,
        null,
        1,
        null,
        1,
        16,
        null,
        null,
        1,
        18,
        null,
        null,
        1,
        16,
        null,
        null,
        null
      ],
      "/Users/andacabrera29/Desktop/TTT_TDD/lib/game_view.rb": [
        1,
        null,
        1,
        2,
        2,
        2,
        2,
        6,
        6,
        null,
        2,
        null,
        null,
        1,
        1,
        null,
        null
      ],
      "/Users/andacabrera29/Desktop/TTT_TDD/lib/output.rb": [
        1,
        1,
        0,
        null,
        null
      ],
      "/Users/andacabrera29/Desktop/TTT_TDD/lib/input.rb": [
        1,
        null,
        1,
        0,
        null,
        null,
        null
      ],
      "/Users/andacabrera29/Desktop/TTT_TDD/lib/computer_player.rb": [
        1,
        null,
        1,
        null,
        1,
        2,
        2,
        2,
        2,
        null,
        null,
        1,
        2,
        null,
        null,
        null,
        null
      ]
    },
    "timestamp": 1447946450
  }
}
